
Opening Debug Output File (application.log)

=====================================
--[get_frame] : 1 ms
--[cvFlip] : 33 ms
--[vPerspectiveTransform] : 16 ms
--[haar.find] : 406 ms
--[backModel->update] : 40 ms
--[vHighPass] : 48 ms
--[vFindBlobs] : 9 ms
--[blobTracker] : 0 ms
--[send_osc_msg] : 39 ms
--[show Monitor] : 71 ms
--[show Param Panel] : 34 ms
--[total] : 697 ms

=====================================
--[get_frame] : 1 ms
--[cvFlip] : 39 ms
--[vPerspectiveTransform] : 16 ms
--[haar.find] : 239 ms
--[backModel->update] : 44 ms
--[vHighPass] : 40 ms
--[vFindBlobs] : 6 ms
--[blobTracker] : 0 ms
--[send_osc_msg] : 23 ms
--[show Monitor] : 70 ms
--[show Param Panel] : 5 ms
--[total] : 484 ms

=====================================
--[get_frame] : 1 ms
--[cvFlip] : 41 ms
--[vPerspectiveTransform] : 23 ms
--[haar.find] : 276 ms
--[backModel->update] : 45 ms
--[vHighPass] : 42 ms
--[vFindBlobs] : 7 ms
--[blobTracker] : 0 ms
--[send_osc_msg] : 24 ms
--[show Monitor] : 70 ms
--[show Param Panel] : 7 ms
--[total] : 538 ms

=====================================
--[get_frame] : 1 ms
--[cvFlip] : 37 ms
--[vPerspectiveTransform] : 21 ms
--[haar.find] : 278 ms
--[backModel->update] : 41 ms
--[vHighPass] : 45 ms
--[vFindBlobs] : 6 ms
--[blobTracker] : 1 ms
--[send_osc_msg] : 23 ms
--[show Monitor] : 69 ms
--[show Param Panel] : 7 ms
--[total] : 530 ms

=====================================
--[get_frame] : 2 ms
--[cvFlip] : 35 ms
--[vPerspectiveTransform] : 20 ms
--[haar.find] : 270 ms
--[backModel->update] : 40 ms
--[vHighPass] : 38 ms
--[vFindBlobs] : 4 ms
--[blobTracker] : 0 ms
--[send_osc_msg] : 21 ms
--[show Monitor] : 61 ms
--[show Param Panel] : 6 ms
--[total] : 498 ms

=====================================
--[get_frame] : 1 ms
--[cvFlip] : 31 ms
--[vPerspectiveTransform] : 19 ms
--[haar.find] : 262 ms
--[backModel->update] : 42 ms
--[vHighPass] : 37 ms
--[vFindBlobs] : 4 ms
--[blobTracker] : 0 ms
--[send_osc_msg] : 21 ms
--[show Monitor] : 64 ms
--[show Param Panel] : 6 ms
--[total] : 488 ms

=====================================
--[get_frame] : 1 ms
--[cvFlip] : 10319 ms
--[vPerspectiveTransform] : 22 ms
--[haar.find] : 273 ms
--[backModel->update] : 45 ms
--[vHighPass] : 42 ms
--[vFindBlobs] : 5 ms
--[blobTracker] : 0 ms
--[send_osc_msg] : 23 ms
--[show Param Panel] : 5 ms
--[total] : 10736 ms

=====================================
--[get_frame] : 1 ms
--[cvFlip] : 42 ms
--[vPerspectiveTransform] : 21 ms
--[haar.find] : 288 ms
--[backModel->update] : 45 ms
--[vHighPass] : 42 ms
--[vFindBlobs] : 4 ms
--[blobTracker] : 0 ms
--[send_osc_msg] : 26 ms
--[show Param Panel] : 5 ms
--[total] : 474 ms

=====================================
--[get_frame] : 1 ms
--[cvFlip] : 35 ms
--[vPerspectiveTransform] : 21 ms
--[haar.find] : 299 ms
--[backModel->update] : 44 ms
--[vHighPass] : 41 ms
--[vFindBlobs] : 24 ms
--[blobTracker] : 6 ms
--[send_osc_msg] : 209 ms
--[show Param Panel] : 5 ms
--[total] : 685 ms

=====================================
--[get_frame] : 2 ms
--[cvFlip] : 47 ms
--[vPerspectiveTransform] : 23 ms
--[haar.find] : 265 ms
--[backModel->update] : 42 ms
--[vHighPass] : 45 ms
--[vFindBlobs] : 71 ms
--[blobTracker] : 15 ms
--[send_osc_msg] : 227 ms
--[show Param Panel] : 6 ms
--[total] : 744 ms

=====================================
--[get_frame] : 1 ms
--[cvFlip] : 44 ms
--[vPerspectiveTransform] : 23 ms
--[haar.find] : 272 ms
--[backModel->update] : 38 ms
--[vHighPass] : 36 ms
--[vFindBlobs] : 22 ms
--[blobTracker] : 13 ms
--[send_osc_msg] : 196 ms
--[show Param Panel] : 4 ms
--[total] : 650 ms

=====================================
--[get_frame] : 1 ms
--[cvFlip] : 27 ms
--[vPerspectiveTransform] : 19 ms
--[haar.find] : 249 ms
--[backModel->update] : 40 ms
--[vHighPass] : 38 ms
--[vFindBlobs] : 22 ms
--[blobTracker] : 12 ms
--[send_osc_msg] : 188 ms
--[show Param Panel] : 6 ms
--[total] : 602 ms

=====================================
--[get_frame] : 0 ms
--[cvFlip] : 38 ms
--[vPerspectiveTransform] : 22 ms
--[haar.find] : 261 ms
--[backModel->update] : 40 ms
--[vHighPass] : 35 ms
--[vFindBlobs] : 25 ms
--[blobTracker] : 16 ms
--[send_osc_msg] : 214 ms
--[show Param Panel] : 4 ms
--[total] : 658 ms

=====================================
--[get_frame] : 1 ms
--[cvFlip] : 30 ms
--[vPerspectiveTransform] : 19 ms
--[haar.find] : 272 ms
--[backModel->update] : 42 ms
--[vHighPass] : 41 ms
--[vFindBlobs] : 23 ms
--[blobTracker] : 13 ms
--[send_osc_msg] : 216 ms
--[show Param Panel] : 6 ms
--[total] : 663 ms

=====================================
--[get_frame] : 2 ms
--[cvFlip] : 38 ms
--[vPerspectiveTransform] : 20 ms
--[haar.find] : 273 ms
--[backModel->update] : 40 ms
--[vHighPass] : 34 ms
--[vFindBlobs] : 22 ms
--[blobTracker] : 11 ms
--[send_osc_msg] : 207 ms
--[show Param Panel] : 4 ms
--[total] : 652 ms

=====================================
--[get_frame] : 1 ms
--[cvFlip] : 41 ms
--[vPerspectiveTransform] : 18 ms
--[haar.find] : 247 ms
--[backModel->update] : 43 ms
--[vHighPass] : 35 ms
--[vFindBlobs] : 24 ms
--[blobTracker] : 12 ms
--[send_osc_msg] : 203 ms
--[show Param Panel] : 5 ms
--[total] : 631 ms

=====================================
--[get_frame] : 1 ms
--[cvFlip] : 34 ms
--[vPerspectiveTransform] : 19 ms
--[haar.find] : 264 ms
--[backModel->update] : 39 ms
--[vHighPass] : 41 ms
--[vFindBlobs] : 22 ms
--[blobTracker] : 14 ms
--[send_osc_msg] : 178 ms
--[show Param Panel] : 4 ms
--[total] : 617 ms

=====================================
--[get_frame] : 1 ms
--[cvFlip] : 43 ms
--[vPerspectiveTransform] : 17 ms
--[haar.find] : 249 ms
--[backModel->update] : 44 ms
--[vHighPass] : 40 ms
--[vFindBlobs] : 22 ms
--[blobTracker] : 15 ms
--[send_osc_msg] : 168 ms
--[show Param Panel] : 4 ms
--[total] : 604 ms

=====================================
--[get_frame] : 2 ms
--[cvFlip] : 28 ms
--[vPerspectiveTransform] : 21 ms
--[haar.find] : 243 ms
--[backModel->update] : 42 ms
--[vHighPass] : 37 ms
--[vFindBlobs] : 21 ms
--[blobTracker] : 13 ms
--[send_osc_msg] : 184 ms
--[show Param Panel] : 5 ms
--[total] : 596 ms

=====================================
--[get_frame] : 2 ms
--[cvFlip] : 42 ms
--[vPerspectiveTransform] : 19 ms
--[haar.find] : 275 ms
--[backModel->update] : 42 ms
--[vHighPass] : 42 ms
--[vFindBlobs] : 21 ms
--[blobTracker] : 13 ms
--[send_osc_msg] : 212 ms
--[show Param Panel] : 7 ms
--[total] : 676 ms

=====================================
--[get_frame] : 1 ms
--[cvFlip] : 40 ms
--[vPerspectiveTransform] : 19 ms
--[haar.find] : 243 ms
--[backModel->update] : 43 ms
--[vHighPass] : 44 ms
--[vFindBlobs] : 29 ms
--[blobTracker] : 13 ms
--[send_osc_msg] : 200 ms
--[show Param Panel] : 5 ms
--[total] : 637 ms

=====================================
--[get_frame] : 1 ms
--[cvFlip] : 41 ms
--[vPerspectiveTransform] : 18 ms
--[haar.find] : 263 ms
--[backModel->update] : 41 ms
--[vHighPass] : 37 ms
--[vFindBlobs] : 24 ms
--[blobTracker] : 14 ms
--[send_osc_msg] : 182 ms
--[show Param Panel] : 4 ms
--[total] : 626 ms

=====================================
--[get_frame] : 1 ms
--[cvFlip] : 37 ms
--[vPerspectiveTransform] : 18 ms
--[haar.find] : 261 ms
--[backModel->update] : 39 ms
--[vHighPass] : 35 ms
--[vFindBlobs] : 19 ms
--[blobTracker] : 12 ms
--[send_osc_msg] : 168 ms
--[show Param Panel] : 6 ms
--[total] : 596 ms

=====================================
--[get_frame] : 1 ms
--[cvFlip] : 36 ms
--[vPerspectiveTransform] : 19 ms
--[haar.find] : 243 ms
--[backModel->update] : 41 ms
--[vHighPass] : 36 ms
--[vFindBlobs] : 20 ms
--[blobTracker] : 14 ms
--[send_osc_msg] : 164 ms
--[show Param Panel] : 4 ms
--[total] : 578 ms

=====================================
--[get_frame] : 0 ms
--[cvFlip] : 35 ms
--[vPerspectiveTransform] : 19 ms
--[haar.find] : 249 ms
--[backModel->update] : 39 ms
--[vHighPass] : 39 ms
--[vFindBlobs] : 21 ms
--[blobTracker] : 13 ms
--[send_osc_msg] : 166 ms
--[show Param Panel] : 6 ms
--[total] : 587 ms

=====================================
--[get_frame] : 2 ms
--[cvFlip] : 40 ms
--[vPerspectiveTransform] : 19 ms
--[haar.find] : 244 ms
--[backModel->update] : 39 ms
--[vHighPass] : 37 ms
--[vFindBlobs] : 21 ms
--[blobTracker] : 12 ms
--[send_osc_msg] : 171 ms
--[show Param Panel] : 4 ms
--[total] : 589 ms

=====================================
--[get_frame] : 1 ms
--[cvFlip] : 41 ms
--[vPerspectiveTransform] : 17 ms
--[haar.find] : 256 ms
--[backModel->update] : 39 ms
--[vHighPass] : 36 ms
--[vFindBlobs] : 25 ms
--[blobTracker] : 14 ms
--[send_osc_msg] : 184 ms
--[show Param Panel] : 5 ms
--[total] : 619 ms

=====================================
--[get_frame] : 1 ms
--[cvFlip] : 36 ms
--[vPerspectiveTransform] : 17 ms
--[haar.find] : 244 ms
--[backModel->update] : 38 ms
--[vHighPass] : 36 ms
--[vFindBlobs] : 19 ms
--[blobTracker] : 11 ms
--[send_osc_msg] : 158 ms
--[show Param Panel] : 4 ms
--[total] : 565 ms

=====================================
--[get_frame] : 1 ms
--[cvFlip] : 29 ms
--[vPerspectiveTransform] : 18 ms
--[haar.find] : 249 ms
--[backModel->update] : 40 ms
--[vHighPass] : 38 ms
--[vFindBlobs] : 20 ms
--[blobTracker] : 14 ms
--[send_osc_msg] : 175 ms
--[show Param Panel] : 4 ms
--[total] : 589 ms

=====================================
--[get_frame] : 1 ms
--[cvFlip] : 44 ms
--[vPerspectiveTransform] : 21 ms
--[haar.find] : 235 ms
--[backModel->update] : 38 ms
--[vHighPass] : 35 ms
--[vFindBlobs] : 23 ms
--[blobTracker] : 14 ms
--[send_osc_msg] : 228 ms
--[show Param Panel] : 6 ms
--[total] : 646 ms

=====================================
--[get_frame] : 1 ms
--[cvFlip] : 40 ms
--[vPerspectiveTransform] : 25 ms
--[haar.find] : 273 ms
--[backModel->update] : 42 ms
--[vHighPass] : 43 ms
--[vFindBlobs] : 26 ms
--[blobTracker] : 14 ms
--[send_osc_msg] : 202 ms
--[show Param Panel] : 5 ms
--[total] : 673 ms

=====================================
--[get_frame] : 1 ms
--[cvFlip] : 39 ms
--[vPerspectiveTransform] : 20 ms
--[haar.find] : 267 ms
--[backModel->update] : 41 ms
--[vHighPass] : 37 ms
--[vFindBlobs] : 21 ms
--[blobTracker] : 13 ms
--[send_osc_msg] : 195 ms
--[show Param Panel] : 4 ms
--[total] : 639 ms

=====================================
--[get_frame] : 1 ms
--[cvFlip] : 39 ms
--[vPerspectiveTransform] : 19 ms
--[haar.find] : 259 ms
--[backModel->update] : 37 ms
--[vHighPass] : 41 ms
--[vFindBlobs] : 23 ms
--[blobTracker] : 13 ms
--[send_osc_msg] : 195 ms
--[show Param Panel] : 5 ms
--[total] : 632 ms

=====================================
--[get_frame] : 0 ms
--[cvFlip] : 27 ms
--[vPerspectiveTransform] : 19 ms
--[haar.find] : 261 ms
--[backModel->update] : 39 ms
--[vHighPass] : 36 ms
--[vFindBlobs] : 23 ms
--[blobTracker] : 14 ms
--[send_osc_msg] : 198 ms
--[show Param Panel] : 4 ms
--[total] : 622 ms

=====================================
--[get_frame] : 1 ms
--[cvFlip] : 34 ms
--[vPerspectiveTransform] : 18 ms
--[haar.find] : 241 ms
--[backModel->update] : 40 ms
--[vHighPass] : 35 ms
--[vFindBlobs] : 23 ms
--[blobTracker] : 12 ms
--[send_osc_msg] : 197 ms
--[show Param Panel] : 5 ms
--[total] : 606 ms

=====================================
--[get_frame] : 1 ms
--[cvFlip] : 33 ms
--[vPerspectiveTransform] : 20 ms
--[haar.find] : 242 ms
--[backModel->update] : 43 ms
--[vHighPass] : 38 ms
--[vFindBlobs] : 24 ms
--[blobTracker] : 13 ms
--[send_osc_msg] : 192 ms
--[show Param Panel] : 4 ms
--[total] : 611 ms

=====================================
--[get_frame] : 0 ms
--[cvFlip] : 33 ms
--[vPerspectiveTransform] : 17 ms
--[haar.find] : 243 ms
--[backModel->update] : 42 ms
--[vHighPass] : 38 ms
--[vFindBlobs] : 20 ms
--[blobTracker] : 12 ms
--[send_osc_msg] : 169 ms
--[show Param Panel] : 6 ms
--[total] : 581 ms

=====================================
--[get_frame] : 1 ms
--[cvFlip] : 26 ms
--[vPerspectiveTransform] : 19 ms
--[haar.find] : 237 ms
--[backModel->update] : 44 ms
--[vHighPass] : 41 ms
--[vFindBlobs] : 4 ms
--[blobTracker] : 6 ms
--[send_osc_msg] : 168 ms
--[show Param Panel] : 4 ms
--[total] : 551 ms

=====================================
--[get_frame] : 1 ms
--[cvFlip] : 36 ms
--[vPerspectiveTransform] : 19 ms
--[haar.find] : 249 ms
--[backModel->update] : 43 ms
--[vHighPass] : 40 ms
--[vFindBlobs] : 23 ms
--[blobTracker] : 7 ms
--[send_osc_msg] : 198 ms
--[show Param Panel] : 5 ms
--[total] : 621 ms

=====================================
--[get_frame] : 1 ms
--[cvFlip] : 1766 ms
--[vPerspectiveTransform] : 18 ms
--[haar.find] : 281 ms
--[backModel->update] : 44 ms
--[vHighPass] : 38 ms
--[vFindBlobs] : 25 ms
--[blobTracker] : 12 ms
--[send_osc_msg] : 171 ms
